{"/Users/mac/Desktop/RS/REACT2025Q3/Class-components/src/App.tsx": {"path":"/Users/mac/Desktop/RS/REACT2025Q3/Class-components/src/App.tsx","all":false,"statementMap":{"0":{"start":{"line":1,"column":0},"end":{"line":1,"column":34}},"1":{"start":{"line":2,"column":0},"end":{"line":2,"column":70}},"2":{"start":{"line":3,"column":0},"end":{"line":3,"column":37}},"4":{"start":{"line":5,"column":0},"end":{"line":5,"column":38}},"6":{"start":{"line":7,"column":0},"end":{"line":7,"column":44}},"7":{"start":{"line":8,"column":0},"end":{"line":8,"column":18}},"8":{"start":{"line":9,"column":0},"end":{"line":9,"column":20}},"9":{"start":{"line":10,"column":0},"end":{"line":10,"column":28}},"10":{"start":{"line":11,"column":0},"end":{"line":11,"column":41}},"11":{"start":{"line":12,"column":0},"end":{"line":12,"column":65}},"12":{"start":{"line":13,"column":0},"end":{"line":13,"column":51}},"13":{"start":{"line":14,"column":0},"end":{"line":14,"column":6}},"14":{"start":{"line":15,"column":0},"end":{"line":15,"column":31}},"15":{"start":{"line":16,"column":0},"end":{"line":16,"column":41}},"16":{"start":{"line":17,"column":0},"end":{"line":17,"column":49}},"17":{"start":{"line":18,"column":0},"end":{"line":18,"column":42}},"18":{"start":{"line":19,"column":0},"end":{"line":19,"column":6}},"19":{"start":{"line":20,"column":0},"end":{"line":20,"column":4}},"20":{"start":{"line":21,"column":0},"end":{"line":21,"column":23}},"21":{"start":{"line":22,"column":0},"end":{"line":22,"column":62}},"22":{"start":{"line":23,"column":0},"end":{"line":23,"column":3}},"24":{"start":{"line":25,"column":0},"end":{"line":25,"column":12}},"25":{"start":{"line":26,"column":0},"end":{"line":26,"column":12}},"26":{"start":{"line":27,"column":0},"end":{"line":27,"column":34}},"27":{"start":{"line":28,"column":0},"end":{"line":28,"column":34}},"28":{"start":{"line":29,"column":0},"end":{"line":29,"column":36}},"29":{"start":{"line":30,"column":0},"end":{"line":30,"column":45}},"30":{"start":{"line":31,"column":0},"end":{"line":31,"column":23}},"31":{"start":{"line":32,"column":0},"end":{"line":32,"column":12}},"33":{"start":{"line":34,"column":0},"end":{"line":34,"column":3}},"34":{"start":{"line":35,"column":0},"end":{"line":35,"column":1}}},"s":{"0":1,"1":1,"2":1,"4":1,"6":1,"7":1,"8":4,"9":4,"10":4,"11":4,"12":4,"13":4,"14":4,"15":0,"16":0,"17":0,"18":0,"19":4,"20":1,"21":4,"22":4,"24":1,"25":11,"26":11,"27":11,"28":11,"29":11,"30":11,"31":11,"33":11,"34":1},"branchMap":{"0":{"type":"branch","line":8,"loc":{"start":{"line":8,"column":2},"end":{"line":20,"column":4}},"locations":[{"start":{"line":8,"column":2},"end":{"line":20,"column":4}}]},"1":{"type":"branch","line":10,"loc":{"start":{"line":10,"column":14},"end":{"line":14,"column":6}},"locations":[{"start":{"line":10,"column":14},"end":{"line":14,"column":6}}]},"2":{"type":"branch","line":21,"loc":{"start":{"line":21,"column":2},"end":{"line":23,"column":3}},"locations":[{"start":{"line":21,"column":2},"end":{"line":23,"column":3}}]},"3":{"type":"branch","line":22,"loc":{"start":{"line":22,"column":53},"end":{"line":22,"column":60}},"locations":[{"start":{"line":22,"column":53},"end":{"line":22,"column":60}}]},"4":{"type":"branch","line":25,"loc":{"start":{"line":25,"column":2},"end":{"line":34,"column":3}},"locations":[{"start":{"line":25,"column":2},"end":{"line":34,"column":3}}]},"5":{"type":"branch","line":30,"loc":{"start":{"line":30,"column":20},"end":{"line":30,"column":45}},"locations":[{"start":{"line":30,"column":20},"end":{"line":30,"column":45}}]}},"b":{"0":[4],"1":[4],"2":[4],"3":[0],"4":[11],"5":[8]},"fnMap":{"0":{"name":"<instance_members_initializer>","decl":{"start":{"line":8,"column":2},"end":{"line":20,"column":4}},"loc":{"start":{"line":8,"column":2},"end":{"line":20,"column":4}},"line":8},"1":{"name":"onSearch","decl":{"start":{"line":10,"column":14},"end":{"line":14,"column":6}},"loc":{"start":{"line":10,"column":14},"end":{"line":14,"column":6}},"line":10},"2":{"name":"pageLink","decl":{"start":{"line":15,"column":14},"end":{"line":19,"column":6}},"loc":{"start":{"line":15,"column":14},"end":{"line":19,"column":6}},"line":15},"3":{"name":"componentDidMount","decl":{"start":{"line":21,"column":2},"end":{"line":23,"column":3}},"loc":{"start":{"line":21,"column":2},"end":{"line":23,"column":3}},"line":21},"4":{"name":"render","decl":{"start":{"line":25,"column":2},"end":{"line":34,"column":3}},"loc":{"start":{"line":25,"column":2},"end":{"line":34,"column":3}},"line":25}},"f":{"0":4,"1":4,"2":0,"3":4,"4":11}}
,"/Users/mac/Desktop/RS/REACT2025Q3/Class-components/src/api.ts": {"path":"/Users/mac/Desktop/RS/REACT2025Q3/Class-components/src/api.ts","all":false,"statementMap":{"2":{"start":{"line":3,"column":0},"end":{"line":3,"column":55}},"4":{"start":{"line":5,"column":0},"end":{"line":5,"column":63}},"5":{"start":{"line":6,"column":0},"end":{"line":6,"column":37}},"6":{"start":{"line":7,"column":0},"end":{"line":7,"column":21}},"7":{"start":{"line":8,"column":0},"end":{"line":8,"column":41}},"8":{"start":{"line":9,"column":0},"end":{"line":9,"column":3}},"9":{"start":{"line":10,"column":0},"end":{"line":10,"column":25}},"10":{"start":{"line":11,"column":0},"end":{"line":11,"column":2}}},"s":{"2":1,"4":1,"5":2,"6":2,"7":1,"8":1,"9":1,"10":1},"branchMap":{"0":{"type":"branch","line":5,"loc":{"start":{"line":5,"column":23},"end":{"line":11,"column":2}},"locations":[{"start":{"line":5,"column":23},"end":{"line":11,"column":2}}]},"1":{"type":"branch","line":7,"loc":{"start":{"line":7,"column":20},"end":{"line":11,"column":2}},"locations":[{"start":{"line":7,"column":20},"end":{"line":11,"column":2}}]}},"b":{"0":[2],"1":[1]},"fnMap":{"0":{"name":"getData","decl":{"start":{"line":5,"column":23},"end":{"line":11,"column":2}},"loc":{"start":{"line":5,"column":23},"end":{"line":11,"column":2}},"line":5}},"f":{"0":2}}
,"/Users/mac/Desktop/RS/REACT2025Q3/Class-components/src/components/index.tsx": {"path":"/Users/mac/Desktop/RS/REACT2025Q3/Class-components/src/components/index.tsx","all":false,"statementMap":{"0":{"start":{"line":1,"column":0},"end":{"line":1,"column":77}},"1":{"start":{"line":2,"column":0},"end":{"line":2,"column":71}},"2":{"start":{"line":3,"column":0},"end":{"line":3,"column":56}},"3":{"start":{"line":4,"column":0},"end":{"line":4,"column":56}},"4":{"start":{"line":5,"column":0},"end":{"line":5,"column":62}},"5":{"start":{"line":6,"column":0},"end":{"line":6,"column":50}},"6":{"start":{"line":7,"column":0},"end":{"line":7,"column":50}},"7":{"start":{"line":8,"column":0},"end":{"line":8,"column":59}},"8":{"start":{"line":9,"column":0},"end":{"line":9,"column":65}}},"s":{"0":1,"1":1,"2":1,"3":1,"4":1,"5":1,"6":1,"7":1,"8":1},"branchMap":{},"b":{},"fnMap":{},"f":{}}
,"/Users/mac/Desktop/RS/REACT2025Q3/Class-components/src/components/Card/Card.tsx": {"path":"/Users/mac/Desktop/RS/REACT2025Q3/Class-components/src/components/Card/Card.tsx","all":false,"statementMap":{"0":{"start":{"line":1,"column":0},"end":{"line":1,"column":34}},"2":{"start":{"line":3,"column":0},"end":{"line":3,"column":39}},"3":{"start":{"line":4,"column":0},"end":{"line":4,"column":26}},"5":{"start":{"line":6,"column":0},"end":{"line":6,"column":55}},"6":{"start":{"line":7,"column":0},"end":{"line":7,"column":12}},"7":{"start":{"line":8,"column":0},"end":{"line":8,"column":12}},"8":{"start":{"line":9,"column":0},"end":{"line":9,"column":35}},"9":{"start":{"line":10,"column":0},"end":{"line":10,"column":37}},"10":{"start":{"line":11,"column":0},"end":{"line":11,"column":34}},"11":{"start":{"line":12,"column":0},"end":{"line":12,"column":44}},"12":{"start":{"line":13,"column":0},"end":{"line":13,"column":44}},"13":{"start":{"line":14,"column":0},"end":{"line":14,"column":40}},"14":{"start":{"line":15,"column":0},"end":{"line":15,"column":14}},"15":{"start":{"line":16,"column":0},"end":{"line":16,"column":37}},"16":{"start":{"line":17,"column":0},"end":{"line":17,"column":23}},"17":{"start":{"line":18,"column":0},"end":{"line":18,"column":43}},"18":{"start":{"line":19,"column":0},"end":{"line":19,"column":68}},"19":{"start":{"line":20,"column":0},"end":{"line":20,"column":13}},"20":{"start":{"line":21,"column":0},"end":{"line":21,"column":13}},"21":{"start":{"line":22,"column":0},"end":{"line":22,"column":12}},"23":{"start":{"line":24,"column":0},"end":{"line":24,"column":3}},"24":{"start":{"line":25,"column":0},"end":{"line":25,"column":1}}},"s":{"0":1,"2":1,"3":1,"5":1,"6":1,"7":2,"8":2,"9":2,"10":2,"11":2,"12":2,"13":2,"14":2,"15":2,"16":2,"17":2,"18":4,"19":2,"20":2,"21":2,"23":2,"24":1},"branchMap":{"0":{"type":"branch","line":7,"loc":{"start":{"line":7,"column":2},"end":{"line":24,"column":3}},"locations":[{"start":{"line":7,"column":2},"end":{"line":24,"column":3}}]},"1":{"type":"branch","line":18,"loc":{"start":{"line":18,"column":32},"end":{"line":19,"column":68}},"locations":[{"start":{"line":18,"column":32},"end":{"line":19,"column":68}}]}},"b":{"0":[2],"1":[4]},"fnMap":{"0":{"name":"render","decl":{"start":{"line":7,"column":2},"end":{"line":24,"column":3}},"loc":{"start":{"line":7,"column":2},"end":{"line":24,"column":3}},"line":7}},"f":{"0":2}}
,"/Users/mac/Desktop/RS/REACT2025Q3/Class-components/src/components/CardList/CardList.tsx": {"path":"/Users/mac/Desktop/RS/REACT2025Q3/Class-components/src/components/CardList/CardList.tsx","all":false,"statementMap":{"0":{"start":{"line":1,"column":0},"end":{"line":1,"column":34}},"1":{"start":{"line":2,"column":0},"end":{"line":2,"column":26}},"3":{"start":{"line":4,"column":0},"end":{"line":4,"column":43}},"5":{"start":{"line":6,"column":0},"end":{"line":6,"column":56}},"6":{"start":{"line":7,"column":0},"end":{"line":7,"column":20}},"7":{"start":{"line":8,"column":0},"end":{"line":8,"column":12}},"8":{"start":{"line":9,"column":0},"end":{"line":9,"column":12}},"9":{"start":{"line":10,"column":0},"end":{"line":10,"column":39}},"10":{"start":{"line":11,"column":0},"end":{"line":11,"column":63}},"11":{"start":{"line":12,"column":0},"end":{"line":12,"column":33}},"12":{"start":{"line":13,"column":0},"end":{"line":13,"column":45}},"13":{"start":{"line":14,"column":0},"end":{"line":14,"column":65}},"14":{"start":{"line":15,"column":0},"end":{"line":15,"column":13}},"15":{"start":{"line":16,"column":0},"end":{"line":16,"column":12}},"17":{"start":{"line":18,"column":0},"end":{"line":18,"column":3}},"18":{"start":{"line":19,"column":0},"end":{"line":19,"column":1}}},"s":{"0":1,"1":1,"3":1,"5":1,"6":1,"7":1,"8":3,"9":3,"10":3,"11":3,"12":2,"13":1,"14":2,"15":3,"17":3,"18":1},"branchMap":{"0":{"type":"branch","line":7,"loc":{"start":{"line":7,"column":2},"end":{"line":7,"column":20}},"locations":[{"start":{"line":7,"column":2},"end":{"line":7,"column":20}}]},"1":{"type":"branch","line":8,"loc":{"start":{"line":8,"column":2},"end":{"line":18,"column":3}},"locations":[{"start":{"line":8,"column":2},"end":{"line":18,"column":3}}]},"2":{"type":"branch","line":11,"loc":{"start":{"line":11,"column":40},"end":{"line":11,"column":63}},"locations":[{"start":{"line":11,"column":40},"end":{"line":11,"column":63}}]},"3":{"type":"branch","line":12,"loc":{"start":{"line":12,"column":21},"end":{"line":15,"column":13}},"locations":[{"start":{"line":12,"column":21},"end":{"line":15,"column":13}}]},"4":{"type":"branch","line":13,"loc":{"start":{"line":13,"column":34},"end":{"line":14,"column":65}},"locations":[{"start":{"line":13,"column":34},"end":{"line":14,"column":65}}]}},"b":{"0":[3],"1":[3],"2":[1],"3":[2],"4":[1]},"fnMap":{"0":{"name":"<instance_members_initializer>","decl":{"start":{"line":7,"column":2},"end":{"line":7,"column":20}},"loc":{"start":{"line":7,"column":2},"end":{"line":7,"column":20}},"line":7},"1":{"name":"render","decl":{"start":{"line":8,"column":2},"end":{"line":18,"column":3}},"loc":{"start":{"line":8,"column":2},"end":{"line":18,"column":3}},"line":8}},"f":{"0":3,"1":3}}
,"/Users/mac/Desktop/RS/REACT2025Q3/Class-components/src/components/ErrorBoundary/ErrorBoundary.tsx": {"path":"/Users/mac/Desktop/RS/REACT2025Q3/Class-components/src/components/ErrorBoundary/ErrorBoundary.tsx","all":false,"statementMap":{"0":{"start":{"line":1,"column":0},"end":{"line":1,"column":34}},"2":{"start":{"line":3,"column":0},"end":{"line":3,"column":48}},"4":{"start":{"line":5,"column":0},"end":{"line":5,"column":73}},"5":{"start":{"line":6,"column":0},"end":{"line":6,"column":29}},"6":{"start":{"line":7,"column":0},"end":{"line":7,"column":17}},"7":{"start":{"line":8,"column":0},"end":{"line":8,"column":50}},"8":{"start":{"line":9,"column":0},"end":{"line":9,"column":3}},"10":{"start":{"line":11,"column":0},"end":{"line":11,"column":35}},"11":{"start":{"line":12,"column":0},"end":{"line":12,"column":31}},"12":{"start":{"line":13,"column":0},"end":{"line":13,"column":19}},"13":{"start":{"line":14,"column":0},"end":{"line":14,"column":21}},"14":{"start":{"line":15,"column":0},"end":{"line":15,"column":12}},"15":{"start":{"line":16,"column":0},"end":{"line":16,"column":7}},"16":{"start":{"line":17,"column":0},"end":{"line":17,"column":3}},"18":{"start":{"line":19,"column":0},"end":{"line":19,"column":11}},"19":{"start":{"line":20,"column":0},"end":{"line":20,"column":52}},"20":{"start":{"line":21,"column":0},"end":{"line":21,"column":3}},"22":{"start":{"line":23,"column":0},"end":{"line":23,"column":12}},"23":{"start":{"line":24,"column":0},"end":{"line":24,"column":30}},"24":{"start":{"line":25,"column":0},"end":{"line":25,"column":14}},"25":{"start":{"line":26,"column":0},"end":{"line":26,"column":38}},"26":{"start":{"line":27,"column":0},"end":{"line":27,"column":46}},"27":{"start":{"line":28,"column":0},"end":{"line":28,"column":72}},"29":{"start":{"line":30,"column":0},"end":{"line":30,"column":19}},"30":{"start":{"line":31,"column":0},"end":{"line":31,"column":14}},"32":{"start":{"line":33,"column":0},"end":{"line":33,"column":5}},"33":{"start":{"line":34,"column":0},"end":{"line":34,"column":31}},"34":{"start":{"line":35,"column":0},"end":{"line":35,"column":3}},"35":{"start":{"line":36,"column":0},"end":{"line":36,"column":1}}},"s":{"0":1,"2":1,"4":1,"5":1,"6":7,"7":7,"8":7,"10":1,"11":3,"12":3,"13":3,"14":3,"15":3,"16":3,"18":1,"19":1,"20":1,"22":1,"23":11,"24":3,"25":3,"26":3,"27":3,"29":3,"30":3,"32":3,"33":8,"34":11,"35":1},"branchMap":{"0":{"type":"branch","line":6,"loc":{"start":{"line":6,"column":2},"end":{"line":9,"column":3}},"locations":[{"start":{"line":6,"column":2},"end":{"line":9,"column":3}}]},"1":{"type":"branch","line":11,"loc":{"start":{"line":11,"column":2},"end":{"line":17,"column":3}},"locations":[{"start":{"line":11,"column":2},"end":{"line":17,"column":3}}]},"2":{"type":"branch","line":19,"loc":{"start":{"line":19,"column":2},"end":{"line":21,"column":3}},"locations":[{"start":{"line":19,"column":2},"end":{"line":21,"column":3}}]},"3":{"type":"branch","line":23,"loc":{"start":{"line":23,"column":2},"end":{"line":35,"column":3}},"locations":[{"start":{"line":23,"column":2},"end":{"line":35,"column":3}}]},"4":{"type":"branch","line":24,"loc":{"start":{"line":24,"column":29},"end":{"line":33,"column":5}},"locations":[{"start":{"line":24,"column":29},"end":{"line":33,"column":5}}]},"5":{"type":"branch","line":33,"loc":{"start":{"line":33,"column":4},"end":{"line":34,"column":31}},"locations":[{"start":{"line":33,"column":4},"end":{"line":34,"column":31}}]},"6":{"type":"branch","line":28,"loc":{"start":{"line":28,"column":52},"end":{"line":28,"column":72}},"locations":[{"start":{"line":28,"column":52},"end":{"line":28,"column":72}}]}},"b":{"0":[7],"1":[3],"2":[1],"3":[11],"4":[3],"5":[8],"6":[1]},"fnMap":{"0":{"name":"ErrorBoundary","decl":{"start":{"line":6,"column":2},"end":{"line":9,"column":3}},"loc":{"start":{"line":6,"column":2},"end":{"line":9,"column":3}},"line":6},"1":{"name":"componentDidCatch","decl":{"start":{"line":11,"column":2},"end":{"line":17,"column":3}},"loc":{"start":{"line":11,"column":2},"end":{"line":17,"column":3}},"line":11},"2":{"name":"reset","decl":{"start":{"line":19,"column":2},"end":{"line":21,"column":3}},"loc":{"start":{"line":19,"column":2},"end":{"line":21,"column":3}},"line":19},"3":{"name":"render","decl":{"start":{"line":23,"column":2},"end":{"line":35,"column":3}},"loc":{"start":{"line":23,"column":2},"end":{"line":35,"column":3}},"line":23},"4":{"name":"onClick","decl":{"start":{"line":28,"column":52},"end":{"line":28,"column":72}},"loc":{"start":{"line":28,"column":52},"end":{"line":28,"column":72}},"line":28}},"f":{"0":7,"1":3,"2":1,"3":11,"4":1}}
,"/Users/mac/Desktop/RS/REACT2025Q3/Class-components/src/components/ErrorButton/ErrorButton.tsx": {"path":"/Users/mac/Desktop/RS/REACT2025Q3/Class-components/src/components/ErrorButton/ErrorButton.tsx","all":false,"statementMap":{"0":{"start":{"line":1,"column":0},"end":{"line":1,"column":34}},"1":{"start":{"line":2,"column":0},"end":{"line":2,"column":46}},"3":{"start":{"line":4,"column":0},"end":{"line":4,"column":52}},"4":{"start":{"line":5,"column":0},"end":{"line":5,"column":11}},"5":{"start":{"line":6,"column":0},"end":{"line":6,"column":20}},"6":{"start":{"line":7,"column":0},"end":{"line":7,"column":16}},"7":{"start":{"line":8,"column":0},"end":{"line":8,"column":4}},"9":{"start":{"line":10,"column":0},"end":{"line":10,"column":20}},"10":{"start":{"line":11,"column":0},"end":{"line":11,"column":19}},"11":{"start":{"line":12,"column":0},"end":{"line":12,"column":21}},"12":{"start":{"line":13,"column":0},"end":{"line":13,"column":31}},"13":{"start":{"line":14,"column":0},"end":{"line":14,"column":7}},"15":{"start":{"line":16,"column":0},"end":{"line":16,"column":12}},"16":{"start":{"line":17,"column":0},"end":{"line":17,"column":30}},"17":{"start":{"line":18,"column":0},"end":{"line":18,"column":61}},"18":{"start":{"line":19,"column":0},"end":{"line":19,"column":5}},"20":{"start":{"line":21,"column":0},"end":{"line":21,"column":12}},"21":{"start":{"line":22,"column":0},"end":{"line":22,"column":73}},"23":{"start":{"line":24,"column":0},"end":{"line":24,"column":15}},"25":{"start":{"line":26,"column":0},"end":{"line":26,"column":3}},"26":{"start":{"line":27,"column":0},"end":{"line":27,"column":1}}},"s":{"0":1,"1":1,"3":1,"4":1,"5":2,"6":2,"7":2,"9":2,"10":1,"11":1,"12":1,"13":1,"15":1,"16":4,"17":2,"18":2,"20":2,"21":2,"23":2,"25":4,"26":1},"branchMap":{"0":{"type":"branch","line":5,"loc":{"start":{"line":5,"column":2},"end":{"line":14,"column":7}},"locations":[{"start":{"line":5,"column":2},"end":{"line":14,"column":7}}]},"1":{"type":"branch","line":10,"loc":{"start":{"line":10,"column":15},"end":{"line":14,"column":7}},"locations":[{"start":{"line":10,"column":15},"end":{"line":14,"column":7}}]},"2":{"type":"branch","line":16,"loc":{"start":{"line":16,"column":2},"end":{"line":26,"column":3}},"locations":[{"start":{"line":16,"column":2},"end":{"line":26,"column":3}}]},"3":{"type":"branch","line":17,"loc":{"start":{"line":17,"column":29},"end":{"line":24,"column":15}},"locations":[{"start":{"line":17,"column":29},"end":{"line":24,"column":15}}]},"4":{"type":"branch","line":22,"loc":{"start":{"line":22,"column":48},"end":{"line":22,"column":73}},"locations":[{"start":{"line":22,"column":48},"end":{"line":22,"column":73}}]}},"b":{"0":[2],"1":[1],"2":[4],"3":[2],"4":[1]},"fnMap":{"0":{"name":"<instance_members_initializer>","decl":{"start":{"line":5,"column":2},"end":{"line":14,"column":7}},"loc":{"start":{"line":5,"column":2},"end":{"line":14,"column":7}},"line":5},"1":{"name":"throwError","decl":{"start":{"line":10,"column":15},"end":{"line":14,"column":7}},"loc":{"start":{"line":10,"column":15},"end":{"line":14,"column":7}},"line":10},"2":{"name":"render","decl":{"start":{"line":16,"column":2},"end":{"line":26,"column":3}},"loc":{"start":{"line":16,"column":2},"end":{"line":26,"column":3}},"line":16},"3":{"name":"onClick","decl":{"start":{"line":22,"column":48},"end":{"line":22,"column":73}},"loc":{"start":{"line":22,"column":48},"end":{"line":22,"column":73}},"line":22}},"f":{"0":2,"1":1,"2":4,"3":1}}
,"/Users/mac/Desktop/RS/REACT2025Q3/Class-components/src/components/Film/Film.tsx": {"path":"/Users/mac/Desktop/RS/REACT2025Q3/Class-components/src/components/Film/Film.tsx","all":false,"statementMap":{"0":{"start":{"line":1,"column":0},"end":{"line":1,"column":34}},"1":{"start":{"line":2,"column":0},"end":{"line":2,"column":36}},"3":{"start":{"line":4,"column":0},"end":{"line":4,"column":39}},"5":{"start":{"line":6,"column":0},"end":{"line":6,"column":55}},"6":{"start":{"line":7,"column":0},"end":{"line":7,"column":67}},"8":{"start":{"line":9,"column":0},"end":{"line":9,"column":31}},"9":{"start":{"line":10,"column":0},"end":{"line":10,"column":37}},"10":{"start":{"line":11,"column":0},"end":{"line":11,"column":53}},"11":{"start":{"line":12,"column":0},"end":{"line":12,"column":50}},"12":{"start":{"line":13,"column":0},"end":{"line":13,"column":15}},"13":{"start":{"line":14,"column":0},"end":{"line":14,"column":7}},"14":{"start":{"line":15,"column":0},"end":{"line":15,"column":62}},"15":{"start":{"line":16,"column":0},"end":{"line":16,"column":12}},"16":{"start":{"line":17,"column":0},"end":{"line":17,"column":44}},"17":{"start":{"line":18,"column":0},"end":{"line":18,"column":45}},"18":{"start":{"line":19,"column":0},"end":{"line":19,"column":38}},"19":{"start":{"line":20,"column":0},"end":{"line":20,"column":39}},"20":{"start":{"line":21,"column":0},"end":{"line":21,"column":5}},"21":{"start":{"line":22,"column":0},"end":{"line":22,"column":3}},"23":{"start":{"line":24,"column":0},"end":{"line":24,"column":23}},"24":{"start":{"line":25,"column":0},"end":{"line":25,"column":34}},"25":{"start":{"line":26,"column":0},"end":{"line":26,"column":3}},"27":{"start":{"line":28,"column":0},"end":{"line":28,"column":12}},"28":{"start":{"line":29,"column":0},"end":{"line":29,"column":36}},"29":{"start":{"line":30,"column":0},"end":{"line":30,"column":12}},"30":{"start":{"line":31,"column":0},"end":{"line":31,"column":9}},"31":{"start":{"line":32,"column":0},"end":{"line":32,"column":57}},"32":{"start":{"line":33,"column":0},"end":{"line":33,"column":39}},"34":{"start":{"line":35,"column":0},"end":{"line":35,"column":25}},"35":{"start":{"line":36,"column":0},"end":{"line":36,"column":11}},"37":{"start":{"line":38,"column":0},"end":{"line":38,"column":3}},"38":{"start":{"line":39,"column":0},"end":{"line":39,"column":1}}},"s":{"0":1,"1":1,"3":1,"5":1,"6":1,"8":1,"9":2,"10":1,"11":0,"12":0,"13":0,"14":1,"15":1,"16":1,"17":1,"18":1,"19":1,"20":1,"21":2,"23":1,"24":2,"25":2,"27":1,"28":4,"29":4,"30":4,"31":4,"32":4,"34":4,"35":4,"37":4,"38":1},"branchMap":{"0":{"type":"branch","line":7,"loc":{"start":{"line":7,"column":2},"end":{"line":7,"column":67}},"locations":[{"start":{"line":7,"column":2},"end":{"line":7,"column":67}}]},"1":{"type":"branch","line":9,"loc":{"start":{"line":9,"column":2},"end":{"line":22,"column":3}},"locations":[{"start":{"line":9,"column":2},"end":{"line":22,"column":3}}]},"2":{"type":"branch","line":10,"loc":{"start":{"line":10,"column":36},"end":{"line":21,"column":5}},"locations":[{"start":{"line":10,"column":36},"end":{"line":21,"column":5}}]},"3":{"type":"branch","line":11,"loc":{"start":{"line":11,"column":52},"end":{"line":14,"column":7}},"locations":[{"start":{"line":11,"column":52},"end":{"line":14,"column":7}}]},"4":{"type":"branch","line":24,"loc":{"start":{"line":24,"column":2},"end":{"line":26,"column":3}},"locations":[{"start":{"line":24,"column":2},"end":{"line":26,"column":3}}]},"5":{"type":"branch","line":28,"loc":{"start":{"line":28,"column":2},"end":{"line":38,"column":3}},"locations":[{"start":{"line":28,"column":2},"end":{"line":38,"column":3}}]},"6":{"type":"branch","line":32,"loc":{"start":{"line":32,"column":19},"end":{"line":32,"column":37}},"locations":[{"start":{"line":32,"column":19},"end":{"line":32,"column":37}}]},"7":{"type":"branch","line":32,"loc":{"start":{"line":32,"column":29},"end":{"line":32,"column":42}},"locations":[{"start":{"line":32,"column":29},"end":{"line":32,"column":42}}]},"8":{"type":"branch","line":32,"loc":{"start":{"line":32,"column":37},"end":{"line":32,"column":57}},"locations":[{"start":{"line":32,"column":37},"end":{"line":32,"column":57}}]},"9":{"type":"branch","line":33,"loc":{"start":{"line":33,"column":15},"end":{"line":33,"column":39}},"locations":[{"start":{"line":33,"column":15},"end":{"line":33,"column":39}}]},"10":{"type":"branch","line":35,"loc":{"start":{"line":35,"column":9},"end":{"line":35,"column":25}},"locations":[{"start":{"line":35,"column":9},"end":{"line":35,"column":25}}]}},"b":{"0":[2],"1":[2],"2":[1],"3":[0],"4":[2],"5":[4],"6":[2],"7":[2],"8":[2],"9":[2],"10":[2]},"fnMap":{"0":{"name":"<instance_members_initializer>","decl":{"start":{"line":7,"column":2},"end":{"line":7,"column":67}},"loc":{"start":{"line":7,"column":2},"end":{"line":7,"column":67}},"line":7},"1":{"name":"getFilm","decl":{"start":{"line":9,"column":2},"end":{"line":22,"column":3}},"loc":{"start":{"line":9,"column":2},"end":{"line":22,"column":3}},"line":9},"2":{"name":"componentDidMount","decl":{"start":{"line":24,"column":2},"end":{"line":26,"column":3}},"loc":{"start":{"line":24,"column":2},"end":{"line":26,"column":3}},"line":24},"3":{"name":"render","decl":{"start":{"line":28,"column":2},"end":{"line":38,"column":3}},"loc":{"start":{"line":28,"column":2},"end":{"line":38,"column":3}},"line":28}},"f":{"0":2,"1":2,"2":2,"3":4}}
,"/Users/mac/Desktop/RS/REACT2025Q3/Class-components/src/components/Header/Header.tsx": {"path":"/Users/mac/Desktop/RS/REACT2025Q3/Class-components/src/components/Header/Header.tsx","all":false,"statementMap":{"0":{"start":{"line":1,"column":0},"end":{"line":1,"column":34}},"1":{"start":{"line":2,"column":0},"end":{"line":2,"column":38}},"3":{"start":{"line":4,"column":0},"end":{"line":4,"column":41}},"4":{"start":{"line":5,"column":0},"end":{"line":5,"column":47}},"6":{"start":{"line":7,"column":0},"end":{"line":7,"column":54}},"7":{"start":{"line":8,"column":0},"end":{"line":8,"column":12}},"8":{"start":{"line":9,"column":0},"end":{"line":9,"column":12}},"9":{"start":{"line":10,"column":0},"end":{"line":10,"column":37}},"10":{"start":{"line":11,"column":0},"end":{"line":11,"column":34}},"11":{"start":{"line":12,"column":0},"end":{"line":12,"column":37}},"12":{"start":{"line":13,"column":0},"end":{"line":13,"column":12}},"14":{"start":{"line":15,"column":0},"end":{"line":15,"column":3}},"15":{"start":{"line":16,"column":0},"end":{"line":16,"column":1}}},"s":{"0":1,"1":1,"3":1,"4":1,"6":1,"7":1,"8":2,"9":2,"10":2,"11":2,"12":2,"14":2,"15":1},"branchMap":{"0":{"type":"branch","line":8,"loc":{"start":{"line":8,"column":2},"end":{"line":15,"column":3}},"locations":[{"start":{"line":8,"column":2},"end":{"line":15,"column":3}}]}},"b":{"0":[2]},"fnMap":{"0":{"name":"render","decl":{"start":{"line":8,"column":2},"end":{"line":15,"column":3}},"loc":{"start":{"line":8,"column":2},"end":{"line":15,"column":3}},"line":8}},"f":{"0":2}}
,"/Users/mac/Desktop/RS/REACT2025Q3/Class-components/src/components/Paginator/Paginator.tsx": {"path":"/Users/mac/Desktop/RS/REACT2025Q3/Class-components/src/components/Paginator/Paginator.tsx","all":false,"statementMap":{"0":{"start":{"line":1,"column":0},"end":{"line":1,"column":34}},"1":{"start":{"line":2,"column":0},"end":{"line":2,"column":44}},"4":{"start":{"line":5,"column":0},"end":{"line":5,"column":57}},"5":{"start":{"line":6,"column":0},"end":{"line":6,"column":44}},"6":{"start":{"line":7,"column":0},"end":{"line":7,"column":37}},"7":{"start":{"line":8,"column":0},"end":{"line":8,"column":30}},"8":{"start":{"line":9,"column":0},"end":{"line":9,"column":4}},"9":{"start":{"line":10,"column":0},"end":{"line":10,"column":12}},"10":{"start":{"line":11,"column":0},"end":{"line":11,"column":12}},"11":{"start":{"line":12,"column":0},"end":{"line":12,"column":41}},"12":{"start":{"line":13,"column":0},"end":{"line":13,"column":15}},"13":{"start":{"line":14,"column":0},"end":{"line":14,"column":35}},"14":{"start":{"line":15,"column":0},"end":{"line":15,"column":41}},"15":{"start":{"line":16,"column":0},"end":{"line":16,"column":53}},"16":{"start":{"line":17,"column":0},"end":{"line":17,"column":9}},"18":{"start":{"line":19,"column":0},"end":{"line":19,"column":17}},"19":{"start":{"line":20,"column":0},"end":{"line":20,"column":15}},"20":{"start":{"line":21,"column":0},"end":{"line":21,"column":35}},"21":{"start":{"line":22,"column":0},"end":{"line":22,"column":37}},"22":{"start":{"line":23,"column":0},"end":{"line":23,"column":49}},"23":{"start":{"line":24,"column":0},"end":{"line":24,"column":9}},"25":{"start":{"line":26,"column":0},"end":{"line":26,"column":17}},"26":{"start":{"line":27,"column":0},"end":{"line":27,"column":12}},"28":{"start":{"line":29,"column":0},"end":{"line":29,"column":3}},"29":{"start":{"line":30,"column":0},"end":{"line":30,"column":1}}},"s":{"0":1,"1":1,"4":1,"5":1,"6":2,"7":2,"8":2,"9":1,"10":5,"11":5,"12":5,"13":5,"14":5,"15":5,"16":5,"18":5,"19":5,"20":5,"21":5,"22":5,"23":5,"25":5,"26":5,"28":5,"29":1},"branchMap":{"0":{"type":"branch","line":6,"loc":{"start":{"line":6,"column":2},"end":{"line":9,"column":4}},"locations":[{"start":{"line":6,"column":2},"end":{"line":9,"column":4}}]},"1":{"type":"branch","line":6,"loc":{"start":{"line":6,"column":15},"end":{"line":9,"column":4}},"locations":[{"start":{"line":6,"column":15},"end":{"line":9,"column":4}}]},"2":{"type":"branch","line":7,"loc":{"start":{"line":7,"column":29},"end":{"line":7,"column":37}},"locations":[{"start":{"line":7,"column":29},"end":{"line":7,"column":37}}]},"3":{"type":"branch","line":10,"loc":{"start":{"line":10,"column":2},"end":{"line":29,"column":3}},"locations":[{"start":{"line":10,"column":2},"end":{"line":29,"column":3}}]},"4":{"type":"branch","line":16,"loc":{"start":{"line":16,"column":19},"end":{"line":16,"column":53}},"locations":[{"start":{"line":16,"column":19},"end":{"line":16,"column":53}}]},"5":{"type":"branch","line":23,"loc":{"start":{"line":23,"column":19},"end":{"line":23,"column":49}},"locations":[{"start":{"line":23,"column":19},"end":{"line":23,"column":49}}]}},"b":{"0":[5],"1":[2],"2":[0],"3":[5],"4":[1],"5":[1]},"fnMap":{"0":{"name":"<instance_members_initializer>","decl":{"start":{"line":6,"column":2},"end":{"line":9,"column":4}},"loc":{"start":{"line":6,"column":2},"end":{"line":9,"column":4}},"line":6},"1":{"name":"helperLink","decl":{"start":{"line":6,"column":15},"end":{"line":9,"column":4}},"loc":{"start":{"line":6,"column":15},"end":{"line":9,"column":4}},"line":6},"2":{"name":"render","decl":{"start":{"line":10,"column":2},"end":{"line":29,"column":3}},"loc":{"start":{"line":10,"column":2},"end":{"line":29,"column":3}},"line":10},"3":{"name":"onClick","decl":{"start":{"line":16,"column":19},"end":{"line":16,"column":53}},"loc":{"start":{"line":16,"column":19},"end":{"line":16,"column":53}},"line":16},"4":{"name":"onClick","decl":{"start":{"line":23,"column":19},"end":{"line":23,"column":49}},"loc":{"start":{"line":23,"column":19},"end":{"line":23,"column":49}},"line":23}},"f":{"0":5,"1":2,"2":5,"3":1,"4":1}}
,"/Users/mac/Desktop/RS/REACT2025Q3/Class-components/src/components/Search/Search.tsx": {"path":"/Users/mac/Desktop/RS/REACT2025Q3/Class-components/src/components/Search/Search.tsx","all":false,"statementMap":{"0":{"start":{"line":1,"column":0},"end":{"line":1,"column":68}},"2":{"start":{"line":3,"column":0},"end":{"line":3,"column":41}},"4":{"start":{"line":5,"column":0},"end":{"line":5,"column":54}},"5":{"start":{"line":6,"column":0},"end":{"line":6,"column":29}},"6":{"start":{"line":7,"column":0},"end":{"line":7,"column":62}},"8":{"start":{"line":9,"column":0},"end":{"line":9,"column":54}},"9":{"start":{"line":10,"column":0},"end":{"line":10,"column":50}},"11":{"start":{"line":12,"column":0},"end":{"line":12,"column":53}},"12":{"start":{"line":13,"column":0},"end":{"line":13,"column":23}},"13":{"start":{"line":14,"column":0},"end":{"line":14,"column":47}},"14":{"start":{"line":15,"column":0},"end":{"line":15,"column":58}},"15":{"start":{"line":16,"column":0},"end":{"line":16,"column":35}},"16":{"start":{"line":17,"column":0},"end":{"line":17,"column":4}},"17":{"start":{"line":18,"column":0},"end":{"line":18,"column":12}},"18":{"start":{"line":19,"column":0},"end":{"line":19,"column":12}},"19":{"start":{"line":20,"column":0},"end":{"line":20,"column":67}},"20":{"start":{"line":21,"column":0},"end":{"line":21,"column":14}},"21":{"start":{"line":22,"column":0},"end":{"line":22,"column":34}},"22":{"start":{"line":23,"column":0},"end":{"line":23,"column":21}},"23":{"start":{"line":24,"column":0},"end":{"line":24,"column":39}},"24":{"start":{"line":25,"column":0},"end":{"line":25,"column":38}},"25":{"start":{"line":26,"column":0},"end":{"line":26,"column":40}},"26":{"start":{"line":27,"column":0},"end":{"line":27,"column":10}},"27":{"start":{"line":28,"column":0},"end":{"line":28,"column":56}},"29":{"start":{"line":30,"column":0},"end":{"line":30,"column":17}},"30":{"start":{"line":31,"column":0},"end":{"line":31,"column":13}},"32":{"start":{"line":33,"column":0},"end":{"line":33,"column":3}},"33":{"start":{"line":34,"column":0},"end":{"line":34,"column":1}}},"s":{"0":1,"2":1,"4":1,"5":1,"6":4,"8":4,"9":2,"11":4,"12":1,"13":1,"14":1,"15":1,"16":1,"17":1,"18":6,"19":6,"20":6,"21":6,"22":6,"23":6,"24":6,"25":6,"26":6,"27":6,"29":6,"30":6,"32":6,"33":1},"branchMap":{"0":{"type":"branch","line":6,"loc":{"start":{"line":6,"column":2},"end":{"line":17,"column":4}},"locations":[{"start":{"line":6,"column":2},"end":{"line":17,"column":4}}]},"1":{"type":"branch","line":7,"loc":{"start":{"line":7,"column":45},"end":{"line":7,"column":62}},"locations":[{"start":{"line":7,"column":45},"end":{"line":7,"column":62}}]},"2":{"type":"branch","line":9,"loc":{"start":{"line":9,"column":17},"end":{"line":10,"column":50}},"locations":[{"start":{"line":9,"column":17},"end":{"line":10,"column":50}}]},"3":{"type":"branch","line":12,"loc":{"start":{"line":12,"column":17},"end":{"line":17,"column":4}},"locations":[{"start":{"line":12,"column":17},"end":{"line":17,"column":4}}]},"4":{"type":"branch","line":18,"loc":{"start":{"line":18,"column":2},"end":{"line":33,"column":3}},"locations":[{"start":{"line":18,"column":2},"end":{"line":33,"column":3}}]}},"b":{"0":[4],"1":[3],"2":[2],"3":[1],"4":[6]},"fnMap":{"0":{"name":"<instance_members_initializer>","decl":{"start":{"line":6,"column":2},"end":{"line":17,"column":4}},"loc":{"start":{"line":6,"column":2},"end":{"line":17,"column":4}},"line":6},"1":{"name":"handleChange","decl":{"start":{"line":9,"column":17},"end":{"line":10,"column":50}},"loc":{"start":{"line":9,"column":17},"end":{"line":10,"column":50}},"line":9},"2":{"name":"handleSubmit","decl":{"start":{"line":12,"column":17},"end":{"line":17,"column":4}},"loc":{"start":{"line":12,"column":17},"end":{"line":17,"column":4}},"line":12},"3":{"name":"render","decl":{"start":{"line":18,"column":2},"end":{"line":33,"column":3}},"loc":{"start":{"line":18,"column":2},"end":{"line":33,"column":3}},"line":18}},"f":{"0":4,"1":2,"2":1,"3":6}}
,"/Users/mac/Desktop/RS/REACT2025Q3/Class-components/src/components/Spinner/Spinner.tsx": {"path":"/Users/mac/Desktop/RS/REACT2025Q3/Class-components/src/components/Spinner/Spinner.tsx","all":false,"statementMap":{"0":{"start":{"line":1,"column":0},"end":{"line":1,"column":34}},"1":{"start":{"line":2,"column":0},"end":{"line":2,"column":42}},"3":{"start":{"line":4,"column":0},"end":{"line":4,"column":48}},"4":{"start":{"line":5,"column":0},"end":{"line":5,"column":19}},"5":{"start":{"line":6,"column":0},"end":{"line":6,"column":46}},"6":{"start":{"line":7,"column":0},"end":{"line":7,"column":3}},"7":{"start":{"line":8,"column":0},"end":{"line":8,"column":1}}},"s":{"0":1,"1":1,"3":1,"4":1,"5":2,"6":2,"7":1},"branchMap":{"0":{"type":"branch","line":5,"loc":{"start":{"line":5,"column":9},"end":{"line":7,"column":3}},"locations":[{"start":{"line":5,"column":9},"end":{"line":7,"column":3}}]}},"b":{"0":[2]},"fnMap":{"0":{"name":"render","decl":{"start":{"line":5,"column":9},"end":{"line":7,"column":3}},"loc":{"start":{"line":5,"column":9},"end":{"line":7,"column":3}},"line":5}},"f":{"0":2}}
}
